<?xml version="1.0" encoding="UTF-8"?>
<!-- Generated by org.testng.reporters.JUnitReportReporter -->
<testsuite hostname="dvcinh6096264" failures="0" tests="1" name="UsersAPI" time="2.778" errors="0" timestamp="29 May 2021 11:24:46 GMT" skipped="0">
  <testcase classname="UsersAPI" name="createEmployee" time="2.778"/>
</testsuite> <!-- UsersAPI -->
